Pitt Fierce Nayte
Carswell Vulture Savant
Scribner Killer Karver
Stewart Seafarer Vile
Esmond The Sparrow Brandon
Ogden Nightmare Loom
Amsden Landlubber Larc
Waltham The Rat Tyde
Ackerley Riot Ramsey
Fenton Cruel Steele
Kittie She-Devil Soren
Adline Landlubber Xander
Carling The Kraken Clifford
Genie The Cook Gabranth
Wanda Disfigured Jinx
Felicia One-Eared Preston
Mary The Handsome Umbri
Leonore Mutiny Argent
Jewell Foxy Notleigh
Annette The Kraken Hayes
Berry White Hair Bristol
Radley One Legged Pritchard
Renton First Mate Theodore
Dexter Whale-Eye Hades
Severn Timbers Steele
Rutledge Cutthroat Trixter
Athelstan Howler Darkwalker
Wakeley Slayer Butler
Searle Rough Dog Ark
Henley Roaring Starbeeze
Nina Crooked Keic
Cecile Golden-Eye Outerbridge
Mason Boatswain 

Jeanette Handsome Laguna
Weslee Executioner Dudley
Corin Immortal Hallewell
Maybelle The Honest Alabaster
Dita Seafarer Bunce
Alda Liar Beckwith
Edith Boatswain Foy